<?xml version="1.0" encoding="UTF-8"?>
<!-- Generated by org.testng.reporters.JUnitReportReporter -->
<testsuite hostname="DESKTOP-OMGNK4F" failures="0" tests="1" name="uk.co.automationtesting.AddRemoveItemBasketTest" time="22.754" errors="0" timestamp="2023-09-19T02:01:24 IST" skipped="0">
  <testcase classname="uk.co.automationtesting.AddRemoveItemBasketTest" name="addRemoveItem" time="22.754"/>
  <system-out/>
</testsuite> <!-- uk.co.automationtesting.AddRemoveItemBasketTest -->
